<?xml version="1.0" encoding="UTF-8"?>
<!-- Generated by org.testng.reporters.JUnitReportReporter -->
<testsuite skipped="0" hostname="freelap" name="Runner.TestRunner" tests="12" failures="0" timestamp="2022-05-04T06:23:45 EET" time="0.377" errors="0">
  <testcase name="runScenario" time="0.012" classname="Runner.TestRunner"/>
  <system-out/>
  <testcase name="runScenario" time="0.032" classname="Runner.TestRunner"/>
  <system-out/>
  <testcase name="runScenario" time="0.023" classname="Runner.TestRunner"/>
  <system-out/>
  <testcase name="runScenario" time="0.154" classname="Runner.TestRunner"/>
  <system-out/>
  <testcase name="runScenario" time="0.016" classname="Runner.TestRunner"/>
  <system-out/>
  <testcase name="runScenario" time="0.020" classname="Runner.TestRunner"/>
  <system-out/>
  <testcase name="runScenario" time="0.016" classname="Runner.TestRunner"/>
  <system-out/>
  <testcase name="runScenario" time="0.013" classname="Runner.TestRunner"/>
  <system-out/>
  <testcase name="runScenario" time="0.047" classname="Runner.TestRunner"/>
  <system-out/>
  <testcase name="runScenario" time="0.017" classname="Runner.TestRunner"/>
  <system-out/>
  <testcase name="runScenario" time="0.010" classname="Runner.TestRunner"/>
  <system-out/>
  <testcase name="runScenario" time="0.017" classname="Runner.TestRunner"/>
  <system-out/>
</testsuite> <!-- Runner.TestRunner -->
